<?xml version="1.0" encoding="UTF-8"?>
<!-- Generated by org.testng.reporters.JUnitXMLReporter -->
<testsuite hostname="VIGNESH" ignored="0" name="Test" tests="4" failures="0" timestamp="06 Sep 2019 13:42:52 GMT" time="32.526" errors="0">
  <testcase name="loginCorrectUsername" time="9.107" classname="testNG.Correctusername"/>
  <testcase name="loginCorrectPassword" time="8.496" classname="testNG.CorrectPassword"/>
  <testcase name="loginwithBothCorrect" time="8.126" classname="testNG.BothCorrect"/>
  <testcase name="loginwithBothIncorrect" time="6.725" classname="testNG.BothIncorrect"/>
</testsuite> <!-- Test -->
