<?xml version="1.0" encoding="UTF-8"?>
<testng-results skipped="0" failed="0" ignored="0" total="1" passed="1">
  <reporter-output>
  </reporter-output>
  <suite name="Default suite" duration-ms="60" started-at="2019-09-14T12:46:05Z" finished-at="2019-09-14T12:46:05Z">
    <groups>
    </groups>
    <test name="Default test" duration-ms="60" started-at="2019-09-14T12:46:05Z" finished-at="2019-09-14T12:46:05Z">
      <class name="week8.day1.Practsess1">
        <test-method status="PASS" signature="approch1()[pri:0, instance:week8.day1.Practsess1@4ed9f0]" name="approch1" duration-ms="11" started-at="2019-09-14T12:46:05Z" finished-at="2019-09-14T12:46:05Z">
          <reporter-output>
          </reporter-output>
        </test-method> <!-- approch1 -->
      </class> <!-- week8.day1.Practsess1 -->
    </test> <!-- Default test -->
  </suite> <!-- Default suite -->
</testng-results>
